G:\CPPPROJECTS\2012\SEM2\LAB11\LAB11\DEBUG\LAB11.PCH
G:\CPPPROJECTS\2012\SEM2\LAB11\LAB11\DEBUG\STDAFX.OBJ
G:\CPPPROJECTS\2012\SEM2\LAB11\LAB11\DEBUG\VC110.PDB
G:\CPPPROJECTS\2012\SEM2\LAB11\LAB11\DEBUG\LAB11.OBJ
G:\CPPPROJECTS\2012\SEM2\LAB11\DEBUG\LAB11.ILK
G:\CPPPROJECTS\2012\SEM2\LAB11\DEBUG\LAB11.EXE
G:\CPPPROJECTS\2012\SEM2\LAB11\DEBUG\LAB11.PDB
G:\cppprojects\2012\sem2\lab11\lab11\Debug\lab11.obj
G:\cppprojects\2012\sem2\lab11\lab11\Debug\stdafx.obj
G:\cppprojects\2012\sem2\lab11\lab11\Debug\cl.command.1.tlog
G:\cppprojects\2012\sem2\lab11\lab11\Debug\CL.read.1.tlog
G:\cppprojects\2012\sem2\lab11\lab11\Debug\CL.write.1.tlog
G:\cppprojects\2012\sem2\lab11\lab11\Debug\link-cvtres.read.1.tlog
G:\cppprojects\2012\sem2\lab11\lab11\Debug\link-cvtres.write.1.tlog
G:\cppprojects\2012\sem2\lab11\lab11\Debug\link-rc.read.1.tlog
G:\cppprojects\2012\sem2\lab11\lab11\Debug\link-rc.write.1.tlog
G:\cppprojects\2012\sem2\lab11\lab11\Debug\link.command.1.tlog
G:\cppprojects\2012\sem2\lab11\lab11\Debug\link.read.1.tlog
G:\cppprojects\2012\sem2\lab11\lab11\Debug\link.write.1.tlog
G:\cppprojects\2012\sem2\lab11\lab11\Debug\lab11.pch
G:\cppprojects\2012\sem2\lab11\lab11\Debug\vc110.idb
G:\cppprojects\2012\sem2\lab11\lab11\Debug\vc110.pdb
G:\cppprojects\2012\sem2\lab11\Debug\lab11.pdb
G:\cppprojects\2012\sem2\lab11\Debug\lab11.exe
G:\cppprojects\2012\sem2\lab11\Debug\lab11.ilk
